2025-09-15 08:38:50,300 INFO  PetroBM.Web.Controllers.AccountController.Login[thread: 7] -> View Login
2025-09-15 08:40:19,226 INFO  PetroBM.Web.Controllers.AccountController.Login[thread: 5] -> post login
2025-09-15 08:40:19,476 INFO  PetroBM.Web.Controllers.AccountController.Login[thread: 5] -> login success
2025-09-15 08:40:23,715 INFO  PetroBM.Services.Services.ConfigArmService.GetAllConfigArm[thread: 7] -> GetAllConfigArm
2025-09-15 08:40:23,810 INFO  PetroBM.Services.Services.WareHouseService.GetListWareHouse_ByUserName[thread: 7] -> Start GetListWareHouse_ByUserName
2025-09-15 08:40:23,836 INFO  PetroBM.Services.Services.WareHouseService.GetListWareHouse_ByUserName[thread: 7] -> Finish GetListWareHouse_ByUserName
2025-09-15 08:40:23,839 INFO  PetroBM.Services.Services.WareHouseService.GetAllWareHouse[thread: 7] -> Start GetAllWareHouse
2025-09-15 08:40:23,864 INFO  PetroBM.Services.Services.WareHouseService.GetAllWareHouse[thread: 7] -> Finnish GetAllWareHouse
2025-09-15 08:40:25,557 INFO  PetroBM.Services.Services.ConfigArmService.GetAllConfigArm[thread: 7] -> GetAllConfigArm
2025-09-15 08:40:30,808 INFO  PetroBM.Services.Services.WareHouseService.GetAllWareHouse[thread: 5] -> Start GetAllWareHouse
2025-09-15 08:40:30,811 INFO  PetroBM.Services.Services.WareHouseService.GetAllWareHouse[thread: 5] -> Finnish GetAllWareHouse
2025-09-15 08:40:35,943 INFO  PetroBM.Web.Controllers.DispatchWaterController.DispatchDetailWater[thread: 5] -> start controller command commandView
2025-09-15 08:40:35,961 INFO  PetroBM.Services.Services.WareHouseService.GetAllWareHouse[thread: 5] -> Start GetAllWareHouse
2025-09-15 08:40:35,965 INFO  PetroBM.Services.Services.WareHouseService.GetAllWareHouse[thread: 5] -> Finnish GetAllWareHouse
2025-09-15 08:40:36,019 INFO  PetroBM.Services.Services.CustomerService.GetAllCustomer[thread: 5] -> GetAllCustomer
2025-09-15 08:40:36,054 INFO  PetroBM.Services.Services.CustomerService.GetAllCustomer[thread: 5] -> GetAllCustomer
2025-09-15 08:40:36,065 INFO  PetroBM.Services.Services.ShipService.GetAllShip[thread: 5] -> GetAllShip
2025-09-15 08:40:36,097 INFO  PetroBM.Services.Services.ImageService.GetImageByProcessStatus0[thread: 5] -> GetImageByProcessStatus0
2025-09-15 08:40:36,183 INFO  PetroBM.Services.Services.DriverService.GetAllDriver[thread: 5] -> GetAllDriver
2025-09-15 08:40:36,232 INFO  PetroBM.Web.Controllers.DispatchWaterController.DispatchDetailWater[thread: 5] -> Finish controller dispatchView
2025-09-15 08:40:39,188 INFO  PetroBM.Services.Services.ConfigArmService.GetAllConfigArm[thread: 5] -> GetAllConfigArm
2025-09-15 08:40:39,192 INFO  PetroBM.Services.Services.WareHouseService.GetListWareHouse_ByUserName[thread: 5] -> Start GetListWareHouse_ByUserName
2025-09-15 08:40:39,194 INFO  PetroBM.Services.Services.WareHouseService.GetListWareHouse_ByUserName[thread: 5] -> Finish GetListWareHouse_ByUserName
2025-09-15 08:40:39,195 INFO  PetroBM.Services.Services.WareHouseService.GetAllWareHouse[thread: 5] -> Start GetAllWareHouse
2025-09-15 08:40:39,197 INFO  PetroBM.Services.Services.WareHouseService.GetAllWareHouse[thread: 5] -> Finnish GetAllWareHouse
2025-09-15 08:40:39,261 INFO  PetroBM.Services.Services.ConfigArmService.GetAllConfigArm[thread: 5] -> GetAllConfigArm
2025-09-15 08:40:39,388 INFO  PetroBM.Services.Services.WareHouseService.GetAllWareHouse[thread: 7] -> Start GetAllWareHouse
2025-09-15 08:40:39,391 INFO  PetroBM.Services.Services.WareHouseService.GetAllWareHouse[thread: 7] -> Finnish GetAllWareHouse
2025-09-15 08:40:41,750 INFO  PetroBM.Web.Controllers.DispatchWaterController.DispatchDetailWater[thread: 7] -> start controller command commandView
2025-09-15 08:40:41,763 INFO  PetroBM.Services.Services.WareHouseService.GetAllWareHouse[thread: 7] -> Start GetAllWareHouse
2025-09-15 08:40:41,771 INFO  PetroBM.Services.Services.WareHouseService.GetAllWareHouse[thread: 7] -> Finnish GetAllWareHouse
2025-09-15 08:40:41,781 INFO  PetroBM.Services.Services.CustomerService.GetAllCustomer[thread: 7] -> GetAllCustomer
2025-09-15 08:40:41,793 INFO  PetroBM.Services.Services.CustomerService.GetAllCustomer[thread: 7] -> GetAllCustomer
2025-09-15 08:40:41,804 INFO  PetroBM.Services.Services.ShipService.GetAllShip[thread: 7] -> GetAllShip
2025-09-15 08:40:41,811 INFO  PetroBM.Services.Services.ImageService.GetImageByProcessStatus0[thread: 7] -> GetImageByProcessStatus0
2025-09-15 08:40:41,831 INFO  PetroBM.Services.Services.DriverService.GetAllDriver[thread: 7] -> GetAllDriver
2025-09-15 08:40:41,838 INFO  PetroBM.Web.Controllers.DispatchWaterController.DispatchDetailWater[thread: 7] -> Finish controller dispatchView
2025-09-15 08:40:41,853 INFO  PetroBM.Services.Services.ConfigArmService.GetAllConfigArm[thread: 7] -> GetAllConfigArm
2025-09-15 08:40:41,861 INFO  PetroBM.Services.Services.WareHouseService.GetListWareHouse_ByUserName[thread: 7] -> Start GetListWareHouse_ByUserName
2025-09-15 08:40:41,872 INFO  PetroBM.Services.Services.WareHouseService.GetListWareHouse_ByUserName[thread: 7] -> Finish GetListWareHouse_ByUserName
2025-09-15 08:40:41,873 INFO  PetroBM.Services.Services.WareHouseService.GetAllWareHouse[thread: 7] -> Start GetAllWareHouse
2025-09-15 08:40:41,876 INFO  PetroBM.Services.Services.WareHouseService.GetAllWareHouse[thread: 7] -> Finnish GetAllWareHouse
2025-09-15 08:40:41,999 INFO  PetroBM.Services.Services.ConfigArmService.GetAllConfigArm[thread: 7] -> GetAllConfigArm
2025-09-15 08:40:42,104 INFO  PetroBM.Services.Services.WareHouseService.GetAllWareHouse[thread: 6] -> Start GetAllWareHouse
2025-09-15 08:40:42,108 INFO  PetroBM.Services.Services.WareHouseService.GetAllWareHouse[thread: 6] -> Finnish GetAllWareHouse
2025-09-15 08:40:43,083 INFO  PetroBM.Web.Controllers.DispatchWaterController.DispatchDetailWater[thread: 7] -> start controller command commandView
2025-09-15 08:40:43,092 INFO  PetroBM.Services.Services.WareHouseService.GetAllWareHouse[thread: 7] -> Start GetAllWareHouse
2025-09-15 08:40:43,096 INFO  PetroBM.Services.Services.WareHouseService.GetAllWareHouse[thread: 7] -> Finnish GetAllWareHouse
2025-09-15 08:40:43,106 INFO  PetroBM.Services.Services.CustomerService.GetAllCustomer[thread: 7] -> GetAllCustomer
2025-09-15 08:40:43,112 INFO  PetroBM.Services.Services.CustomerService.GetAllCustomer[thread: 7] -> GetAllCustomer
2025-09-15 08:40:43,121 INFO  PetroBM.Services.Services.ShipService.GetAllShip[thread: 7] -> GetAllShip
2025-09-15 08:40:43,125 INFO  PetroBM.Services.Services.ImageService.GetImageByProcessStatus0[thread: 7] -> GetImageByProcessStatus0
2025-09-15 08:40:43,141 INFO  PetroBM.Services.Services.DriverService.GetAllDriver[thread: 7] -> GetAllDriver
2025-09-15 08:40:43,149 INFO  PetroBM.Web.Controllers.DispatchWaterController.DispatchDetailWater[thread: 7] -> Finish controller dispatchView
2025-09-15 08:40:43,160 INFO  PetroBM.Services.Services.ConfigArmService.GetAllConfigArm[thread: 7] -> GetAllConfigArm
2025-09-15 08:40:43,167 INFO  PetroBM.Services.Services.WareHouseService.GetListWareHouse_ByUserName[thread: 7] -> Start GetListWareHouse_ByUserName
2025-09-15 08:40:43,176 INFO  PetroBM.Services.Services.WareHouseService.GetListWareHouse_ByUserName[thread: 7] -> Finish GetListWareHouse_ByUserName
2025-09-15 08:40:43,176 INFO  PetroBM.Services.Services.WareHouseService.GetAllWareHouse[thread: 7] -> Start GetAllWareHouse
2025-09-15 08:40:43,180 INFO  PetroBM.Services.Services.WareHouseService.GetAllWareHouse[thread: 7] -> Finnish GetAllWareHouse
2025-09-15 08:40:43,304 INFO  PetroBM.Services.Services.ConfigArmService.GetAllConfigArm[thread: 7] -> GetAllConfigArm
2025-09-15 08:40:43,385 INFO  PetroBM.Services.Services.WareHouseService.GetAllWareHouse[thread: 6] -> Start GetAllWareHouse
2025-09-15 08:40:43,393 INFO  PetroBM.Services.Services.WareHouseService.GetAllWareHouse[thread: 6] -> Finnish GetAllWareHouse
